/*C12*/SET SCHEMA PUBLIC
drop table flight_booking if exists
drop sequence hibernate_sequence if exists
create sequence hibernate_sequence start with 1 increment by 1
create table flight_booking (id bigint not null, flight_name varchar(255) not null, from_date varchar(255) not null, price double not null check (price>=1), to_date varchar(255) not null, primary key (id))
INSERT INTO FLIGHT_BOOKING VALUES(1,'JetAirways','28-05-2018',604.0E0,'25-08-2018')
ALTER SEQUENCE PUBLIC.HIBERNATE_SEQUENCE RESTART WITH 2
COMMIT
INSERT INTO FLIGHT_BOOKING VALUES(2,'Isha Airways1','21-1-2019',800.0E0,'20-03-2019')
ALTER SEQUENCE PUBLIC.HIBERNATE_SEQUENCE RESTART WITH 3
COMMIT
DELETE FROM FLIGHT_BOOKING WHERE ID=2
COMMIT
drop table flight_booking if exists
drop sequence hibernate_sequence if exists
DISCONNECT
/*C13*/SET SCHEMA PUBLIC
DISCONNECT
/*C14*/SET SCHEMA PUBLIC
DISCONNECT
/*C15*/SET SCHEMA PUBLIC
DISCONNECT
/*C16*/SET SCHEMA PUBLIC
DISCONNECT
/*C17*/SET SCHEMA PUBLIC
DISCONNECT
/*C18*/SET SCHEMA PUBLIC
DISCONNECT
/*C19*/SET SCHEMA PUBLIC
DISCONNECT
/*C20*/SET SCHEMA PUBLIC
DISCONNECT
/*C21*/SET SCHEMA PUBLIC
DISCONNECT
